2022-01-05 13:56:07.563  INFO 34216 --- [main] c.m.f.l.becomespringdev.a.Application    : Starting Application using Java 11.0.11 on DESKTOP-SDPJGJL with PID 34216 (C:\dev\projects\lnkdinbecomespringdev\four.linkin.becomespringdev.a\target\classes started by jesus in C:\dev\projects\lnkdinbecomespringdev\four.linkin.becomespringdev.a)
2022-01-05 13:56:07.570 DEBUG 34216 --- [main] c.m.f.l.becomespringdev.a.Application    : Running with Spring Boot v2.6.2, Spring v5.3.14
2022-01-05 13:56:07.571  INFO 34216 --- [main] c.m.f.l.becomespringdev.a.Application    : No active profile set, falling back to default profiles: default
2022-01-05 13:56:09.565  INFO 34216 --- [main] .s.d.r.c.RepositoryConfigurationDelegate : Bootstrapping Spring Data JPA repositories in DEFAULT mode.
2022-01-05 13:56:09.700  INFO 34216 --- [main] .s.d.r.c.RepositoryConfigurationDelegate : Finished Spring Data repository scanning in 115 ms. Found 3 JPA repository interfaces.
2022-01-05 13:56:12.752  INFO 34216 --- [main] o.s.b.w.embedded.tomcat.TomcatWebServer  : Tomcat initialized with port(s): 8080 (http)
2022-01-05 13:56:12.777  INFO 34216 --- [main] o.apache.catalina.core.StandardService   : Starting service [Tomcat]
2022-01-05 13:56:12.778  INFO 34216 --- [main] org.apache.catalina.core.StandardEngine  : Starting Servlet engine: [Apache Tomcat/9.0.56]
2022-01-05 13:56:13.027  INFO 34216 --- [main] o.a.c.c.C.[Tomcat].[localhost].[/]       : Initializing Spring embedded WebApplicationContext
2022-01-05 13:56:13.027  INFO 34216 --- [main] w.s.c.ServletWebServerApplicationContext : Root WebApplicationContext: initialization completed in 5345 ms
2022-01-05 13:56:13.221  INFO 34216 --- [main] com.zaxxer.hikari.HikariDataSource       : tours - Starting...
2022-01-05 13:56:13.710  INFO 34216 --- [main] com.zaxxer.hikari.HikariDataSource       : tours - Start completed.
2022-01-05 13:56:13.741  INFO 34216 --- [main] o.s.b.a.h2.H2ConsoleAutoConfiguration    : H2 console available at '/h2-console'. Database available at 'jdbc:h2:mem:tours'
2022-01-05 13:56:14.577  INFO 34216 --- [main] o.hibernate.jpa.internal.util.LogHelper  : HHH000204: Processing PersistenceUnitInfo [name: default]
2022-01-05 13:56:14.732  INFO 34216 --- [main] org.hibernate.Version                    : HHH000412: Hibernate ORM core version 5.6.3.Final
2022-01-05 13:56:15.175  INFO 34216 --- [main] o.hibernate.annotations.common.Version   : HCANN000001: Hibernate Commons Annotations {5.1.2.Final}
2022-01-05 13:56:15.574  INFO 34216 --- [main] org.hibernate.dialect.Dialect            : HHH000400: Using dialect: org.hibernate.dialect.H2Dialect
2022-01-05 13:56:17.178  INFO 34216 --- [main] o.h.e.t.j.p.i.JtaPlatformInitiator       : HHH000490: Using JtaPlatform implementation: [org.hibernate.engine.transaction.jta.platform.internal.NoJtaPlatform]
2022-01-05 13:56:17.199  INFO 34216 --- [main] j.LocalContainerEntityManagerFactoryBean : Initialized JPA EntityManagerFactory for persistence unit 'default'
2022-01-05 13:56:18.887  WARN 34216 --- [main] JpaBaseConfiguration$JpaWebConfiguration : spring.jpa.open-in-view is enabled by default. Therefore, database queries may be performed during view rendering. Explicitly configure spring.jpa.open-in-view to disable this warning
2022-01-05 13:56:20.817  INFO 34216 --- [main] o.s.b.w.embedded.tomcat.TomcatWebServer  : Tomcat started on port(s): 8080 (http) with context path ''
2022-01-05 13:56:20.838  INFO 34216 --- [main] c.m.f.l.becomespringdev.a.Application    : Started Application in 14.269 seconds (JVM running for 15.668)
2022-01-05 14:06:46.743  INFO 34216 --- [SpringApplicationShutdownHook] j.LocalContainerEntityManagerFactoryBean : Closing JPA EntityManagerFactory for persistence unit 'default'
2022-01-05 14:06:46.745  INFO 34216 --- [SpringApplicationShutdownHook] .SchemaDropperImpl$DelayedDropActionImpl : HHH000477: Starting delayed evictData of schema as part of SessionFactory shut-down'
2022-01-05 14:06:46.767  INFO 34216 --- [SpringApplicationShutdownHook] com.zaxxer.hikari.HikariDataSource       : tours - Shutdown initiated...
2022-01-05 14:06:46.775  INFO 34216 --- [SpringApplicationShutdownHook] com.zaxxer.hikari.HikariDataSource       : tours - Shutdown completed.
2022-01-05 14:06:55.864  INFO 28604 --- [main] c.m.f.l.becomespringdev.a.Application    : Starting Application using Java 11.0.11 on DESKTOP-SDPJGJL with PID 28604 (C:\dev\projects\lnkdinbecomespringdev\four.linkin.becomespringdev.a\target\classes started by jesus in C:\dev\projects\lnkdinbecomespringdev\four.linkin.becomespringdev.a)
2022-01-05 14:06:55.871 DEBUG 28604 --- [main] c.m.f.l.becomespringdev.a.Application    : Running with Spring Boot v2.6.2, Spring v5.3.14
2022-01-05 14:06:55.872  INFO 28604 --- [main] c.m.f.l.becomespringdev.a.Application    : No active profile set, falling back to default profiles: default
2022-01-05 14:06:57.622  INFO 28604 --- [main] .s.d.r.c.RepositoryConfigurationDelegate : Bootstrapping Spring Data JPA repositories in DEFAULT mode.
2022-01-05 14:06:57.812  INFO 28604 --- [main] .s.d.r.c.RepositoryConfigurationDelegate : Finished Spring Data repository scanning in 169 ms. Found 3 JPA repository interfaces.
2022-01-05 14:07:00.206  INFO 28604 --- [main] o.s.b.w.embedded.tomcat.TomcatWebServer  : Tomcat initialized with port(s): 8080 (http)
2022-01-05 14:07:00.235  INFO 28604 --- [main] o.apache.catalina.core.StandardService   : Starting service [Tomcat]
2022-01-05 14:07:00.237  INFO 28604 --- [main] org.apache.catalina.core.StandardEngine  : Starting Servlet engine: [Apache Tomcat/9.0.56]
2022-01-05 14:07:00.496  INFO 28604 --- [main] o.a.c.c.C.[Tomcat].[localhost].[/]       : Initializing Spring embedded WebApplicationContext
2022-01-05 14:07:00.497  INFO 28604 --- [main] w.s.c.ServletWebServerApplicationContext : Root WebApplicationContext: initialization completed in 4490 ms
2022-01-05 14:07:00.639  INFO 28604 --- [main] com.zaxxer.hikari.HikariDataSource       : tours - Starting...
2022-01-05 14:07:01.196  INFO 28604 --- [main] com.zaxxer.hikari.HikariDataSource       : tours - Start completed.
2022-01-05 14:07:01.224  INFO 28604 --- [main] o.s.b.a.h2.H2ConsoleAutoConfiguration    : H2 console available at '/h2-console'. Database available at 'jdbc:h2:mem:tours'
2022-01-05 14:07:02.002  INFO 28604 --- [main] o.hibernate.jpa.internal.util.LogHelper  : HHH000204: Processing PersistenceUnitInfo [name: default]
2022-01-05 14:07:02.112  INFO 28604 --- [main] org.hibernate.Version                    : HHH000412: Hibernate ORM core version 5.6.3.Final
2022-01-05 14:07:02.479  INFO 28604 --- [main] o.hibernate.annotations.common.Version   : HCANN000001: Hibernate Commons Annotations {5.1.2.Final}
2022-01-05 14:07:02.747  INFO 28604 --- [main] org.hibernate.dialect.Dialect            : HHH000400: Using dialect: org.hibernate.dialect.H2Dialect
2022-01-05 14:07:04.647  INFO 28604 --- [main] o.h.e.t.j.p.i.JtaPlatformInitiator       : HHH000490: Using JtaPlatform implementation: [org.hibernate.engine.transaction.jta.platform.internal.NoJtaPlatform]
2022-01-05 14:07:04.667  INFO 28604 --- [main] j.LocalContainerEntityManagerFactoryBean : Initialized JPA EntityManagerFactory for persistence unit 'default'
2022-01-05 14:07:05.404 DEBUG 28604 --- [main] c.m.f.l.b.a.services.TourPackageService  : Created tourPackageService.
2022-01-05 14:07:05.662 DEBUG 28604 --- [main] c.m.f.l.b.a.services.TourService         : Created TourService
2022-01-05 14:07:05.949  WARN 28604 --- [main] JpaBaseConfiguration$JpaWebConfiguration : spring.jpa.open-in-view is enabled by default. Therefore, database queries may be performed during view rendering. Explicitly configure spring.jpa.open-in-view to disable this warning
2022-01-05 14:07:08.673  INFO 28604 --- [main] o.s.b.w.embedded.tomcat.TomcatWebServer  : Tomcat started on port(s): 8080 (http) with context path ''
2022-01-05 14:07:08.692  INFO 28604 --- [main] c.m.f.l.becomespringdev.a.Application    : Started Application in 14.038 seconds (JVM running for 15.618)
2022-01-05 14:07:08.708  INFO 28604 --- [main] c.m.f.l.b.a.services.TourPackageService  : Creating tour package. Code: BC name: Back pack cal
2022-01-05 14:07:08.850  INFO 28604 --- [main] c.m.f.l.b.a.services.TourPackageService  : Creating tour package. Code: CC name: California Calm
2022-01-05 14:07:08.853  INFO 28604 --- [main] c.m.f.l.b.a.services.TourPackageService  : Creating tour package. Code: CH name: California Hot Springs
2022-01-05 14:07:08.856  INFO 28604 --- [main] c.m.f.l.b.a.services.TourPackageService  : Creating tour package. Code: CY name: Cycle California
2022-01-05 14:07:08.861  INFO 28604 --- [main] c.m.f.l.b.a.services.TourPackageService  : Creating tour package. Code: DS name: From Desert to Sea
2022-01-05 14:07:08.866  INFO 28604 --- [main] c.m.f.l.b.a.services.TourPackageService  : Creating tour package. Code: KC name: Kids California
2022-01-05 14:07:08.871  INFO 28604 --- [main] c.m.f.l.b.a.services.TourPackageService  : Creating tour package. Code: NW name: Nature Watch
2022-01-05 14:07:08.876  INFO 28604 --- [main] c.m.f.l.b.a.services.TourPackageService  : Creating tour package. Code: SC name: Snowboard Cali
2022-01-05 14:07:08.894  INFO 28604 --- [main] c.m.f.l.b.a.services.TourPackageService  : Creating tour package. Code: TC name: Taste of California
2022-01-05 14:07:08.905  INFO 28604 --- [main] c.m.f.l.b.a.services.TourService         : Created tour: TourPackage{code='BC', name='Back pack cal'}
2022-01-05 14:07:08.920  INFO 28604 --- [main] c.m.f.l.b.a.services.TourService         : Created tour: TourPackage{code='CC', name='California Calm'}
2022-01-05 14:07:08.924  INFO 28604 --- [main] c.m.f.l.b.a.services.TourService         : Created tour: TourPackage{code='CC', name='California Calm'}
2022-01-05 14:07:08.929  INFO 28604 --- [main] c.m.f.l.b.a.services.TourService         : Created tour: TourPackage{code='CY', name='Cycle California'}
2022-01-05 22:31:20.361  WARN 28604 --- [tours housekeeper] com.zaxxer.hikari.pool.HikariPool        : tours - Thread starvation or clock leap detected (housekeeper delta=1m11s52ms97µs400ns).
